<?xml version="1.0" encoding="UTF-8"?>
<testsuites name="Mocha Tests" time="8.323" tests="1" failures="1">
  <testsuite name="Root Suite" timestamp="2024-04-04T09:48:52" tests="0" file="cypress\e2e\test.cy.js" time="0.000" failures="0">
  </testsuite>
  <testsuite name="cypress works!" timestamp="2024-04-04T09:48:52" tests="1" time="8.317" failures="1">
    <testcase name="cypress works! Student List was found successfully--for sure" time="0.000" classname="Student List was found successfully--for sure">
      <failure message="Timed out retrying after 4000ms: Expected to find element: `.text-2xl`, but never found it." type="AssertionError"><![CDATA[AssertionError: Timed out retrying after 4000ms: Expected to find element: `.text-2xl`, but never found it.
    at Context.eval (webpack://tests/./cypress/e2e/test.cy.js:7:7)]]></failure>
    </testcase>
  </testsuite>
</testsuites>